<?xml version="1.0" encoding="UTF-8" ?>
<testsuites name="vitest tests" tests="8" failures="0" errors="0" time="2.151">
    <testsuite name="src/tools/__tests__/getAllCountries.ts" timestamp="2023-06-01T08:11:45.381Z" hostname="fv-az409-751" tests="1" failures="0" errors="0" skipped="0" time="0.013">
        <testcase classname="src/tools/__tests__/getAllCountries.ts" name="returns expected list of countries" time="0.004">
        </testcase>
    </testsuite>
    <testsuite name="src/tools/__tests__/hasRight.ts" timestamp="2023-06-01T08:11:45.384Z" hostname="fv-az409-751" tests="3" failures="0" errors="0" skipped="0" time="0.004">
        <testcase classname="src/tools/__tests__/hasRight.ts" name="returns true for user with given right" time="0.002">
        </testcase>
        <testcase classname="src/tools/__tests__/hasRight.ts" name="returns false for user without given right" time="0">
        </testcase>
        <testcase classname="src/tools/__tests__/hasRight.ts" name="returns false for user with no rights" time="0">
        </testcase>
    </testsuite>
    <testsuite name="src/tools/__tests__/isAdmin.ts" timestamp="2023-06-01T08:11:45.393Z" hostname="fv-az409-751" tests="2" failures="0" errors="0" skipped="0" time="0.004">
        <testcase classname="src/tools/__tests__/isAdmin.ts" name="returns true for admin user" time="0.001">
        </testcase>
        <testcase classname="src/tools/__tests__/isAdmin.ts" name="returns false for non-admin user" time="0">
        </testcase>
    </testsuite>
    <testsuite name="src/tools/__tests__/isOctave.ts" timestamp="2023-06-01T08:11:45.394Z" hostname="fv-az409-751" tests="2" failures="0" errors="0" skipped="0" time="0.004">
        <testcase classname="src/tools/__tests__/isOctave.ts" name="returns true for user account type as &quot;BROOKLYN&quot;" time="0.001">
        </testcase>
        <testcase classname="src/tools/__tests__/isOctave.ts" name="returns false for account type other than &quot;BROOKLYN&quot;" time="0">
        </testcase>
    </testsuite>
</testsuites>
